# JRE version: Java(TM) SE Runtime Environment (8.0_221-b11) (build 1.8.0_221-b11)
# Java VM: Java HotSpot(TM) 64-Bit Server VM (25.221-b11 mixed mode windows-amd64 compressed oops)
Heap:
 PSYoungGen      total 289792K, used 209452K [0x000000076b780000, 0x000000078ba00000, 0x00000007c0000000)
  eden space 210944K, 99% used [0x000000076b780000,0x000000077840b038,0x0000000778580000)
  from space 78848K, 0% used [0x0000000780380000,0x0000000780380000,0x0000000785080000)
  to   space 129024K, 0% used [0x0000000778580000,0x0000000778580000,0x0000000780380000)
 ParOldGen       total 2253824K, used 2250745K [0x00000006c2600000, 0x000000074bf00000, 0x000000076b780000)
  object space 2253824K, 99% used [0x00000006c2600000,0x000000074bbfe6b8,0x000000074bf00000)
 Metaspace       used 4033K, capacity 4692K, committed 4864K, reserved 1056768K
  class space    used 436K, capacity 464K, committed 512K, reserved 1048576K
GC Heap History (10 events):
Event: 20.567 GC heap before
{Heap before GC invocations=86 (full 76):
 PSYoungGen      total 289792K, used 203881K [0x000000076b780000, 0x000000078ba00000, 0x00000007c0000000)
  eden space 210944K, 96% used [0x000000076b780000,0x0000000777e9a618,0x0000000778580000)
  from space 78848K, 0% used [0x0000000780380000,0x0000000780380000,0x0000000785080000)
  to   space 129024K, 0% used [0x0000000778580000,0x0000000778580000,0x0000000780380000)
 ParOldGen       total 2204672K, used 2195797K [0x00000006c2600000, 0x0000000748f00000, 0x000000076b780000)
  object space 2204672K, 99% used [0x00000006c2600000,0x0000000748655658,0x0000000748f00000)
 Metaspace       used 4033K, capacity 4692K, committed 4864K, reserved 1056768K
  class space    used 436K, capacity 464K, committed 512K, reserved 1048576K
Event: 20.579 GC heap after
Heap after GC invocations=86 (full 76):
 PSYoungGen      total 289792K, used 202856K [0x000000076b780000, 0x000000078ba00000, 0x00000007c0000000)
  eden space 210944K, 96% used [0x000000076b780000,0x0000000777d9a030,0x0000000778580000)
  from space 78848K, 0% used [0x0000000780380000,0x0000000780380000,0x0000000785080000)
  to   space 129024K, 0% used [0x0000000778580000,0x0000000778580000,0x0000000780380000)
 ParOldGen       total 2204672K, used 2195797K [0x00000006c2600000, 0x0000000748f00000, 0x000000076b780000)
  object space 2204672K, 99% used [0x00000006c2600000,0x0000000748655658,0x0000000748f00000)
 Metaspace       used 4033K, capacity 4692K, committed 4864K, reserved 1056768K
  class space    used 436K, capacity 464K, committed 512K, reserved 1048576K
}
Event: 20.590 GC heap before
{Heap before GC invocations=87 (full 77):
 PSYoungGen      total 289792K, used 210944K [0x000000076b780000, 0x000000078ba00000, 0x00000007c0000000)
  eden space 210944K, 100% used [0x000000076b780000,0x0000000778580000,0x0000000778580000)
  from space 78848K, 0% used [0x0000000780380000,0x0000000780380000,0x0000000785080000)
  to   space 129024K, 0% used [0x0000000778580000,0x0000000778580000,0x0000000780380000)
 ParOldGen       total 2229248K, used 2220232K [0x00000006c2600000, 0x000000074a700000, 0x000000076b780000)
  object space 2229248K, 99% used [0x00000006c2600000,0x0000000749e322e8,0x000000074a700000)
 Metaspace       used 4033K, capacity 4692K, committed 4864K, reserved 1056768K
  class space    used 436K, capacity 464K, committed 512K, reserved 1048576K
Event: 20.610 GC heap after
Heap after GC invocations=87 (full 77):
 PSYoungGen      total 289792K, used 203010K [0x000000076b780000, 0x000000078ba00000, 0x00000007c0000000)
  eden space 210944K, 96% used [0x000000076b780000,0x0000000777dc0ba0,0x0000000778580000)
  from space 78848K, 0% used [0x0000000780380000,0x0000000780380000,0x0000000785080000)
  to   space 129024K, 0% used [0x0000000778580000,0x0000000778580000,0x0000000780380000)
 ParOldGen       total 2229248K, used 2220227K [0x00000006c2600000, 0x000000074a700000, 0x000000076b780000)
  object space 2229248K, 99% used [0x00000006c2600000,0x0000000749e30da0,0x000000074a700000)
 Metaspace       used 4033K, capacity 4692K, committed 4864K, reserved 1056768K
  class space    used 436K, capacity 464K, committed 512K, reserved 1048576K
}
Event: 20.616 GC heap before
{Heap before GC invocations=88 (full 78):
 PSYoungGen      total 289792K, used 203571K [0x000000076b780000, 0x000000078ba00000, 0x00000007c0000000)
  eden space 210944K, 96% used [0x000000076b780000,0x0000000777e4cc20,0x0000000778580000)
  from space 78848K, 0% used [0x0000000780380000,0x0000000780380000,0x0000000785080000)
  to   space 129024K, 0% used [0x0000000778580000,0x0000000778580000,0x0000000780380000)
 ParOldGen       total 2229248K, used 2220227K [0x00000006c2600000, 0x000000074a700000, 0x000000076b780000)
  object space 2229248K, 99% used [0x00000006c2600000,0x0000000749e30da0,0x000000074a700000)
 Metaspace       used 4033K, capacity 4692K, committed 4864K, reserved 1056768K
  class space    used 436K, capacity 464K, committed 512K, reserved 1048576K
Event: 20.668 GC heap after
Heap after GC invocations=88 (full 78):
 PSYoungGen      total 289792K, used 184707K [0x000000076b780000, 0x000000078ba00000, 0x00000007c0000000)
  eden space 210944K, 87% used [0x000000076b780000,0x0000000776be0da0,0x0000000778580000)
  from space 78848K, 0% used [0x0000000780380000,0x0000000780380000,0x0000000785080000)
  to   space 129024K, 0% used [0x0000000778580000,0x0000000778580000,0x0000000780380000)
 ParOldGen       total 2229248K, used 2226330K [0x00000006c2600000, 0x000000074a700000, 0x000000076b780000)
  object space 2229248K, 99% used [0x00000006c2600000,0x000000074a426898,0x000000074a700000)
 Metaspace       used 4033K, capacity 4692K, committed 4864K, reserved 1056768K
  class space    used 436K, capacity 464K, committed 512K, reserved 1048576K
}
Event: 20.670 GC heap before
{Heap before GC invocations=89 (full 79):
 PSYoungGen      total 289792K, used 209730K [0x000000076b780000, 0x000000078ba00000, 0x00000007c0000000)
  eden space 210944K, 99% used [0x000000076b780000,0x0000000778450890,0x0000000778580000)
  from space 78848K, 0% used [0x0000000780380000,0x0000000780380000,0x0000000785080000)
  to   space 129024K, 0% used [0x0000000778580000,0x0000000778580000,0x0000000780380000)
 ParOldGen       total 2229248K, used 2226330K [0x00000006c2600000, 0x000000074a700000, 0x000000076b780000)
  object space 2229248K, 99% used [0x00000006c2600000,0x000000074a426898,0x000000074a700000)
 Metaspace       used 4033K, capacity 4692K, committed 4864K, reserved 1056768K
  class space    used 436K, capacity 464K, committed 512K, reserved 1048576K
Event: 20.683 GC heap after
Heap after GC invocations=89 (full 79):
 PSYoungGen      total 289792K, used 209126K [0x000000076b780000, 0x000000078ba00000, 0x00000007c0000000)
  eden space 210944K, 99% used [0x000000076b780000,0x00000007783b9888,0x0000000778580000)
  from space 78848K, 0% used [0x0000000780380000,0x0000000780380000,0x0000000785080000)
  to   space 129024K, 0% used [0x0000000778580000,0x0000000778580000,0x0000000780380000)
 ParOldGen       total 2229248K, used 2226330K [0x00000006c2600000, 0x000000074a700000, 0x000000076b780000)
  object space 2229248K, 99% used [0x00000006c2600000,0x000000074a426898,0x000000074a700000)
 Metaspace       used 4033K, capacity 4692K, committed 4864K, reserved 1056768K
  class space    used 436K, capacity 464K, committed 512K, reserved 1048576K
}
Event: 20.693 GC heap before
{Heap before GC invocations=90 (full 80):
 PSYoungGen      total 289792K, used 210944K [0x000000076b780000, 0x000000078ba00000, 0x00000007c0000000)
  eden space 210944K, 100% used [0x000000076b780000,0x0000000778580000,0x0000000778580000)
  from space 78848K, 0% used [0x0000000780380000,0x0000000780380000,0x0000000785080000)
  to   space 129024K, 0% used [0x0000000778580000,0x0000000778580000,0x0000000780380000)
 ParOldGen       total 2253824K, used 2250746K [0x00000006c2600000, 0x000000074bf00000, 0x000000076b780000)
  object space 2253824K, 99% used [0x00000006c2600000,0x000000074bbfe8d8,0x000000074bf00000)
 Metaspace       used 4033K, capacity 4692K, committed 4864K, reserved 1056768K
  class space    used 436K, capacity 464K, committed 512K, reserved 1048576K
Event: 20.712 GC heap after
Heap after GC invocations=90 (full 80):
 PSYoungGen      total 289792K, used 209161K [0x000000076b780000, 0x000000078ba00000, 0x00000007c0000000)
  eden space 210944K, 99% used [0x000000076b780000,0x00000007783c2760,0x0000000778580000)
  from space 78848K, 0% used [0x0000000780380000,0x0000000780380000,0x0000000785080000)
  to   space 129024K, 0% used [0x0000000778580000,0x0000000778580000,0x0000000780380000)
 ParOldGen       total 2253824K, used 2250745K [0x00000006c2600000, 0x000000074bf00000, 0x000000076b780000)
  object space 2253824K, 99% used [0x00000006c2600000,0x000000074bbfe6b8,0x000000074bf00000)
 Metaspace       used 4033K, capacity 4692K, committed 4864K, reserved 1056768K
  class space    used 436K, capacity 464K, committed 512K, reserved 1048576K
}

